<?xml version="1.0" encoding="UTF-8" ?>
<testsuite tests="13" failures="0" name="TestSuite" time="8.696" errors="0" skipped="0">
  <properties>
    <property name="java.runtime.name" value="Java(TM) SE Runtime Environment"/>
    <property name="java.vm.version" value="17.0.1+12-LTS-39"/>
    <property name="sun.boot.library.path" value="C:\Program Files\Java\jdk-17.0.1\bin"/>
    <property name="user.country.format" value="UA"/>
    <property name="maven.multiModuleProjectDirectory" value="C:\Users\Athexe\Documents\GitHub\IK_individual_task"/>
    <property name="java.vm.vendor" value="Oracle Corporation"/>
    <property name="java.vendor.url" value="https://java.oracle.com/"/>
    <property name="guice.disable.misplaced.annotation.check" value="true"/>
    <property name="path.separator" value=";"/>
    <property name="java.vm.name" value="Java HotSpot(TM) 64-Bit Server VM"/>
    <property name="sun.os.patch.level" value=""/>
    <property name="user.script" value=""/>
    <property name="user.country" value="RU"/>
    <property name="sun.java.launcher" value="SUN_STANDARD"/>
    <property name="java.vm.specification.name" value="Java Virtual Machine Specification"/>
    <property name="user.dir" value="C:\Users\Athexe\Documents\GitHub\IK_individual_task"/>
    <property name="java.vm.compressedOopsMode" value="Zero based"/>
    <property name="java.runtime.version" value="17.0.1+12-LTS-39"/>
    <property name="os.arch" value="amd64"/>
    <property name="java.io.tmpdir" value="C:\Users\Athexe\AppData\Local\Temp\"/>
    <property name="line.separator" value="
"/>
    <property name="java.vm.specification.vendor" value="Oracle Corporation"/>
    <property name="user.variant" value=""/>
    <property name="os.name" value="Windows 10"/>
    <property name="classworlds.conf" value="C:\Users\Athexe\IdeaProjects\apache-maven-3.8.4\bin\m2.conf"/>
    <property name="sun.jnu.encoding" value="Cp1251"/>
    <property name="java.library.path" value="C:\Program Files\Java\jdk-17.0.1\bin;C:\Windows\Sun\Java\bin;C:\Windows\system32;C:\Windows;C:\Program Files\Common Files\Oracle\Java\javapath;C:\Program Files (x86)\Common Files\Oracle\Java\javapath;C:\Windows\system32;C:\Windows;C:\Windows\System32\Wbem;C:\Windows\System32\WindowsPowerShell\v1.0\;C:\Windows\System32\OpenSSH\;C:\Program Files\Docker\Docker\resources\bin;C:\ProgramData\DockerDesktop\version-bin;C:\Program Files\Git\cmd;C:\Users\Athexe\scoop\shims;C:\Users\Athexe\AppData\Local\Microsoft\WindowsApps;C:\Users\Athexe\AppData\Local\GitHubDesktop\bin;C:\Users\Athexe\AppData\Local\Programs\Microsoft VS Code\bin;C:\Users\Athexe\IdeaProjects\apache-maven-3.8.4\bin;;."/>
    <property name="maven.conf" value="C:\Users\Athexe\IdeaProjects\apache-maven-3.8.4/conf"/>
    <property name="jdk.debug" value="release"/>
    <property name="java.class.version" value="61.0"/>
    <property name="java.specification.name" value="Java Platform API Specification"/>
    <property name="sun.management.compiler" value="HotSpot 64-Bit Tiered Compilers"/>
    <property name="os.version" value="10.0"/>
    <property name="library.jansi.path" value="C:\Users\Athexe\IdeaProjects\apache-maven-3.8.4\lib\jansi-native"/>
    <property name="user.home" value="C:\Users\Athexe"/>
    <property name="user.timezone" value="Europe/Kiev"/>
    <property name="file.encoding" value="Cp1251"/>
    <property name="java.specification.version" value="17"/>
    <property name="user.name" value="Athexe"/>
    <property name="java.class.path" value="C:\Users\Athexe\IdeaProjects\apache-maven-3.8.4\boot\plexus-classworlds-2.6.0.jar"/>
    <property name="java.vm.specification.version" value="17"/>
    <property name="sun.arch.data.model" value="64"/>
    <property name="sun.java.command" value="org.codehaus.plexus.classworlds.launcher.Launcher clean test"/>
    <property name="java.home" value="C:\Program Files\Java\jdk-17.0.1"/>
    <property name="user.language" value="ru"/>
    <property name="java.specification.vendor" value="Oracle Corporation"/>
    <property name="java.vm.info" value="mixed mode, sharing"/>
    <property name="java.version" value="17.0.1"/>
    <property name="native.encoding" value="Cp1251"/>
    <property name="java.vendor" value="Oracle Corporation"/>
    <property name="sun.stderr.encoding" value="cp866"/>
    <property name="maven.home" value="C:\Users\Athexe\IdeaProjects\apache-maven-3.8.4"/>
    <property name="file.separator" value="\"/>
    <property name="java.version.date" value="2021-10-19"/>
    <property name="java.vendor.url.bug" value="https://bugreport.java.com/bugreport/"/>
    <property name="sun.io.unicode.encoding" value="UnicodeLittle"/>
    <property name="sun.cpu.endian" value="little"/>
    <property name="sun.stdout.encoding" value="cp866"/>
    <property name="sun.cpu.isalist" value="amd64"/>
  </properties>
  <testcase classname="api.APITest" name="test_FoundNumber" time="0.724"/>
  <testcase classname="api.APITest" name="test_RandomYear" time="0.249"/>
  <testcase classname="api.APITest" name="test_ResponseStatusCode" time="0.252"/>
  <testcase classname="api.APITest" name="test_ResponseStatusCode" time="0.255"/>
  <testcase classname="api.APITest" name="test_textByNumberAndType" time="0.247"/>
  <testcase classname="ui.ArrowsTest" name="tryRandomButton" time="0.249"/>
  <testcase classname="ui.ArrowsTest" name="tryRandomButton" time="0.193"/>
  <testcase classname="ui.RandomButtonsThreadTest" name="tryRandomButton" time="1.235"/>
  <testcase classname="ui.RandomButtonsThreadTest" name="tryRandomButton" time="1.225"/>
  <testcase classname="ui.RandomButtonsThreadTest" name="tryRandomButton" time="1.222"/>
  <testcase classname="ui.RandomButtonsThreadTest" name="tryRandomButton" time="1.213"/>
  <testcase classname="ui.SearchThreadTest" name="SearchTestNumber" time="0.293"/>
  <testcase classname="ui.SearchThreadTest" name="SearchTestString" time="1.339"/>
</testsuite>