<?xml version="1.0" encoding="UTF-8"?>
<!-- Generated by org.testng.reporters.JUnitReportReporter -->
<testsuite hostname="DESKTOP-4HGL70Q" failures="0" tests="2" name="ui.ArrowsTest" time="9.739" errors="0" timestamp="2021-12-22T19:54:24 EET" skipped="0">
  <testcase classname="ui.ArrowsTest" name="tryRandomButton" time="3.380"/>
  <system-out/>
  <testcase classname="ui.ArrowsTest" name="tryRandomButton" time="6.359"/>
  <system-out/>
</testsuite> <!-- ui.ArrowsTest -->
