<?xml version="1.0" encoding="UTF-8"?>
<!-- Generated by org.testng.reporters.JUnitReportReporter -->
<testsuite hostname="DESKTOP-4HGL70Q" failures="0" tests="5" name="api.APITest" time="1.925" errors="0" timestamp="2021-12-22T16:51:08 EET" skipped="0">
  <testcase classname="api.APITest" name="test_ResponseStatusCode" time="0.250"/>
  <system-out/>
  <testcase classname="api.APITest" name="test_RandomYear" time="0.248"/>
  <system-out/>
  <testcase classname="api.APITest" name="test_FoundNumber" time="0.880"/>
  <system-out/>
  <testcase classname="api.APITest" name="test_ResponseStatusCode" time="0.296"/>
  <system-out/>
  <testcase classname="api.APITest" name="test_textByNumberAndType" time="0.251"/>
  <system-out/>
</testsuite> <!-- api.APITest -->
