<?xml version="1.0" encoding="UTF-8"?>
<!-- Generated by org.testng.reporters.JUnitReportReporter -->
<testsuite hostname="DESKTOP-4HGL70Q" failures="0" tests="2" name="ui.SearchThreadTest" time="10.188" errors="0" timestamp="2021-12-22T21:02:17 EET" skipped="0">
  <testcase classname="ui.SearchThreadTest" name="SearchTestString" time="5.706"/>
  <system-out/>
  <testcase classname="ui.SearchThreadTest" name="SearchTestNumber" time="4.482"/>
  <system-out/>
</testsuite> <!-- ui.SearchThreadTest -->
