<?xml version="1.0" encoding="UTF-8"?>
<!-- Generated by org.testng.reporters.JUnitReportReporter -->
<testsuite hostname="DESKTOP-4HGL70Q" failures="0" tests="2" name="ui.ArrowsTest" time="11.637" errors="0" timestamp="2021-12-22T21:02:17 EET" skipped="0">
  <testcase classname="ui.ArrowsTest" name="tryRandomButton" time="7.294"/>
  <system-out/>
  <testcase classname="ui.ArrowsTest" name="tryRandomButton" time="4.343"/>
  <system-out/>
</testsuite> <!-- ui.ArrowsTest -->
