<?xml version="1.0" encoding="UTF-8"?>
<!-- Generated by org.testng.reporters.JUnitReportReporter -->
<testsuite hostname="DESKTOP-4HGL70Q" failures="0" tests="2" name="ui.SearchThreadTest" time="8.595" errors="0" timestamp="2021-12-22T16:51:08 EET" skipped="0">
  <testcase classname="ui.SearchThreadTest" name="SearchTestNumber" time="3.857"/>
  <system-out/>
  <testcase classname="ui.SearchThreadTest" name="SearchTestString" time="4.738"/>
  <system-out/>
</testsuite> <!-- ui.SearchThreadTest -->
