<?xml version="1.0" encoding="UTF-8"?>
<!-- Generated by org.testng.reporters.JUnitReportReporter -->
<testsuite hostname="DESKTOP-4HGL70Q" failures="0" tests="5" name="api.APITest" time="1.862" errors="0" timestamp="2021-12-22T19:54:24 EET" skipped="0">
  <testcase classname="api.APITest" name="test_ResponseStatusCode" time="0.252"/>
  <system-out/>
  <testcase classname="api.APITest" name="test_RandomYear" time="0.252"/>
  <system-out/>
  <testcase classname="api.APITest" name="test_textByNumberAndType" time="0.270"/>
  <system-out/>
  <testcase classname="api.APITest" name="test_FoundNumber" time="0.804"/>
  <system-out/>
  <testcase classname="api.APITest" name="test_ResponseStatusCode" time="0.284"/>
  <system-out/>
</testsuite> <!-- api.APITest -->
