<?xml version="1.0" encoding="UTF-8"?>
<!-- Generated by org.testng.reporters.JUnitReportReporter -->
<testsuite hostname="DESKTOP-4HGL70Q" failures="0" tests="4" name="ui.RandomButtonsThreadTest" time="19.592" errors="0" timestamp="2021-12-22T16:51:08 EET" skipped="0">
  <testcase classname="ui.RandomButtonsThreadTest" name="tryRandomButton" time="4.687"/>
  <system-out/>
  <testcase classname="ui.RandomButtonsThreadTest" name="tryRandomButton" time="5.493"/>
  <system-out/>
  <testcase classname="ui.RandomButtonsThreadTest" name="tryRandomButton" time="4.712"/>
  <system-out/>
  <testcase classname="ui.RandomButtonsThreadTest" name="tryRandomButton" time="4.700"/>
  <system-out/>
</testsuite> <!-- ui.RandomButtonsThreadTest -->
