<?xml version="1.0" encoding="UTF-8"?>
<!-- Generated by org.testng.reporters.JUnitReportReporter -->
<testsuite hostname="DESKTOP-4HGL70Q" failures="0" tests="5" name="api.APITest" time="1.667" errors="0" timestamp="2021-12-22T05:13:41 EET" skipped="0">
  <testcase classname="api.APITest" name="test_FoundNumber" time="0.631"/>
  <system-out/>
  <testcase classname="api.APITest" name="test_ResponseStatusCode" time="0.267"/>
  <system-out/>
  <testcase classname="api.APITest" name="test_ResponseStatusCode" time="0.254"/>
  <system-out/>
  <testcase classname="api.APITest" name="test_RandomYear" time="0.248"/>
  <system-out/>
  <testcase classname="api.APITest" name="test_textByNumberAndType" time="0.267"/>
  <system-out/>
</testsuite> <!-- api.APITest -->
