<?xml version="1.0" encoding="UTF-8"?>
<!-- Generated by org.testng.reporters.JUnitReportReporter -->
<testsuite hostname="DESKTOP-4HGL70Q" failures="0" tests="2" name="ui.ArrowsTest" time="8.797" errors="0" timestamp="2021-12-22T09:05:37 EET" skipped="0">
  <testcase classname="ui.ArrowsTest" name="tryRandomButton" time="5.058"/>
  <system-out/>
  <testcase classname="ui.ArrowsTest" name="tryRandomButton" time="3.739"/>
  <system-out/>
</testsuite> <!-- ui.ArrowsTest -->
