<?xml version="1.0" encoding="UTF-8"?>
<!-- Generated by org.testng.reporters.JUnitReportReporter -->
<testsuite hostname="DESKTOP-4HGL70Q" failures="0" tests="4" name="ui.RandomButtonsThreadTest" time="18.315" errors="0" timestamp="2021-12-22T05:13:41 EET" skipped="0">
  <testcase classname="ui.RandomButtonsThreadTest" name="tryRandomButton" time="4.824"/>
  <system-out/>
  <testcase classname="ui.RandomButtonsThreadTest" name="tryRandomButton" time="4.667"/>
  <system-out/>
  <testcase classname="ui.RandomButtonsThreadTest" name="tryRandomButton" time="4.422"/>
  <system-out/>
  <testcase classname="ui.RandomButtonsThreadTest" name="tryRandomButton" time="4.402"/>
  <system-out/>
</testsuite> <!-- ui.RandomButtonsThreadTest -->
