<?xml version="1.0" encoding="UTF-8"?>
<!-- Generated by org.testng.reporters.JUnitReportReporter -->
<testsuite hostname="DESKTOP-4HGL70Q" failures="0" tests="4" name="ui.RandomButtonsThreadTest" time="17.659" errors="0" timestamp="2021-12-22T19:54:24 EET" skipped="0">
  <testcase classname="ui.RandomButtonsThreadTest" name="tryRandomButton" time="4.315"/>
  <system-out/>
  <testcase classname="ui.RandomButtonsThreadTest" name="tryRandomButton" time="4.441"/>
  <system-out/>
  <testcase classname="ui.RandomButtonsThreadTest" name="tryRandomButton" time="4.496"/>
  <system-out/>
  <testcase classname="ui.RandomButtonsThreadTest" name="tryRandomButton" time="4.407"/>
  <system-out/>
</testsuite> <!-- ui.RandomButtonsThreadTest -->
