<?xml version="1.0" encoding="UTF-8"?>
<!-- Generated by org.testng.reporters.JUnitReportReporter -->
<testsuite hostname="DESKTOP-4HGL70Q" failures="0" tests="4" name="ui.RandomButtonsThreadTest" time="22.150" errors="0" timestamp="2021-12-22T21:02:17 EET" skipped="0">
  <testcase classname="ui.RandomButtonsThreadTest" name="tryRandomButton" time="5.610"/>
  <system-out/>
  <testcase classname="ui.RandomButtonsThreadTest" name="tryRandomButton" time="5.226"/>
  <system-out/>
  <testcase classname="ui.RandomButtonsThreadTest" name="tryRandomButton" time="5.975"/>
  <system-out/>
  <testcase classname="ui.RandomButtonsThreadTest" name="tryRandomButton" time="5.339"/>
  <system-out/>
</testsuite> <!-- ui.RandomButtonsThreadTest -->
