<?xml version="1.0" encoding="UTF-8"?>
<!-- Generated by org.testng.reporters.JUnitReportReporter -->
<testsuite hostname="DESKTOP-4HGL70Q" failures="0" tests="4" name="ui.RandomButtonsThreadTest" time="20.421" errors="0" timestamp="2021-12-22T11:46:33 EET" skipped="0">
  <testcase classname="ui.RandomButtonsThreadTest" name="tryRandomButton" time="5.322"/>
  <system-out/>
  <testcase classname="ui.RandomButtonsThreadTest" name="tryRandomButton" time="4.306"/>
  <system-out/>
  <testcase classname="ui.RandomButtonsThreadTest" name="tryRandomButton" time="5.425"/>
  <system-out/>
  <testcase classname="ui.RandomButtonsThreadTest" name="tryRandomButton" time="5.368"/>
  <system-out/>
</testsuite> <!-- ui.RandomButtonsThreadTest -->
